<?xml version="1.0" encoding="UTF-8"?>
<testng-results ignored="0" total="0" passed="0" failed="0" skipped="0">
  <reporter-output>
  </reporter-output>
  <suite started-at="2020-04-05T23:27:49 COT" name="Default suite" finished-at="2020-04-05T23:27:50 COT" duration-ms="153">
    <groups>
    </groups>
    <test started-at="2020-04-05T23:27:49 COT" name="Default test" finished-at="2020-04-05T23:27:50 COT" duration-ms="153">
    </test> <!-- Default test -->
  </suite> <!-- Default suite -->
</testng-results>
